Fri Jan 17 11:14:34 CET 2025
MaxEnt version 3.4.3
Reading file absence
readGrid: max memory 536870912, total allocated 234881024, free 129016464, used 105864560, increment 97997024
Reading samples from presence
Read samples: max memory 536870912, total allocated 234881024, free 98607760, used 136273264, increment 30408704
Adding samples to background in feature space
Command line used:  autorun -e .MaxEnt models/MaxEnt/2/absence -o .MaxEnt models/MaxEnt/2 -s .MaxEnt models/MaxEnt/2/presence -z
Command line to repeat: java density.MaxEnt nowarnings noprefixes "outputdirectory=.MaxEnt models/MaxEnt/2" "samplesfile=.MaxEnt models/MaxEnt/2/presence" "environmentallayers=.MaxEnt models/MaxEnt/2/absence" autorun novisible noprefixes -t CLASSIFIED.TPI
Species: species
Layers: CLASSIFIED.TPI COST.TIME.FROM.RIVERS HEIGHT.AT.SITES NUMBER.OF.ANYSIZE.SITES.IN.SIGHT SOLAR.IRRADIATION.AT.SITE TPI.3000M TPI.300M X..OF.VIEWVED.AREA.IN.3KM.BUFFER
Layertypes: Categorical Continuous Continuous Continuous Continuous Continuous Continuous Continuous
outputdirectory: .MaxEnt models/MaxEnt/2
samplesfile: .MaxEnt models/MaxEnt/2/presence
environmentallayers: .MaxEnt models/MaxEnt/2/absence
autorun: true
visible: false
prefixes: false

getSamples: max memory 536870912, total allocated 234881024, free 98083472, used 136797552, increment 524288
Making features
makeFeatures: max memory 536870912, total allocated 234881024, free 96705352, used 138175672, increment 1378120
species: 
Regularization values: linear/quadratic/product: 0.204, categorical: 0.250, threshold: 1.540, hinge: 0.500
46 samples
Density: max memory 536870912, total allocated 234881024, free 90219152, used 144661872, increment 6486200
linearPredictor: max memory 536870912, total allocated 234881024, free 90219152, used 144661872, increment 0
Deactivating (CLASSIFIED.TPI=1.0)
Deactivating (CLASSIFIED.TPI=2.0)
Deactivating (CLASSIFIED.TPI=3.0)
Deactivating (CLASSIFIED.TPI=4.0)
Deactivating (CLASSIFIED.TPI=8.0)
Deactivating (CLASSIFIED.TPI=10.0)
Deactivating (CLASSIFIED.TPI=12.0)
FeaturedSpace: max memory 536870912, total allocated 234881024, free 90219152, used 144661872, increment 0
Sequential: max memory 536870912, total allocated 234881024, free 90219152, used 144661872, increment 0
Initial loss: 8.359134886757962
Time since start: 2.39
500: time = 2,263000 loss = 6,820506
Resulting gain: 1.5386284021319128
Projecting...
Writing file .MaxEnt models\MaxEnt\2\species.csv
Ending
