Mon Jan 13 12:58:52 CET 2025
MaxEnt version 3.4.3
Reading file absence
readGrid: max memory 536870912, total allocated 234881024, free 137103128, used 97777896, increment 4063336
Reading samples from presence
Read samples: max memory 536870912, total allocated 234881024, free 106170136, used 128710888, increment 30932992
Adding samples to background in feature space
Command line used:  autorun -e MaxEnt_Final/1/absence -o MaxEnt_Final/1 -s MaxEnt_Final/1/presence -z
Command line to repeat: java density.MaxEnt nowarnings noprefixes outputdirectory=MaxEnt_Final/1 samplesfile=MaxEnt_Final/1/presence environmentallayers=MaxEnt_Final/1/absence autorun novisible
Species: species
Layers: CLASSIFIED.TPI COST.TIME.FROM.RIVERS HEIGHT.AT.SITES NUMBER.OF.ANYSIZE.SITES.IN.SIGHT SOLAR.IRRADIATION.AT.SITE TPI.3000M TPI.300M X..OF.VIEWVED.AREA.IN.3KM.BUFFER
Layertypes: Continuous Continuous Continuous Continuous Continuous Continuous Continuous Continuous
outputdirectory: MaxEnt_Final/1
samplesfile: MaxEnt_Final/1/presence
environmentallayers: MaxEnt_Final/1/absence
autorun: true
visible: false

getSamples: max memory 536870912, total allocated 234881024, free 105645848, used 129235176, increment 524288
Making features
makeFeatures: max memory 536870912, total allocated 234881024, free 104072984, used 130808040, increment 1572864
species: 
Regularization values: linear/quadratic/product: 0.201, categorical: 0.250, threshold: 1.530, hinge: 0.500
47 samples
Density: max memory 536870912, total allocated 234881024, free 99263728, used 135617296, increment 4809256
linearPredictor: max memory 536870912, total allocated 234881024, free 99263728, used 135617296, increment 0
FeaturedSpace: max memory 536870912, total allocated 234881024, free 99263728, used 135617296, increment 0
Sequential: max memory 536870912, total allocated 234881024, free 99263728, used 135617296, increment 0
Initial loss: 8.359134886757962
Time since start: 2.157
500: time = 2,104000 loss = 6,802405
Resulting gain: 1.556729656879079
Projecting...
Writing file MaxEnt_Final\1\species.csv
Ending
