Mon Jan 13 12:59:47 CET 2025
MaxEnt version 3.4.3
Reading file absence
readGrid: max memory 536870912, total allocated 234881024, free 104951048, used 129929976, increment 46278016
Reading samples from presence
Read samples: max memory 536870912, total allocated 234881024, free 74018056, used 160862968, increment 30932992
Adding samples to background in feature space
Command line used:  autorun -e ./FR.MaxEnt_Final/3/absence -o ./FR.MaxEnt_Final/3 -s ./FR.MaxEnt_Final/3/presence -z
Command line to repeat: java density.MaxEnt nowarnings noprefixes outputdirectory=./FR.MaxEnt_Final/3 samplesfile=./FR.MaxEnt_Final/3/presence environmentallayers=./FR.MaxEnt_Final/3/absence autorun novisible
Species: species
Layers: CLASSIFIED.TPI COST.TIME.FROM.RIVERS HEIGHT.AT.SITES NUMBER.OF.ANYSIZE.SITES.IN.SIGHT SOLAR.IRRADIATION.AT.SITE TPI.3000M TPI.300M X..OF.VIEWVED.AREA.IN.3KM.BUFFER
Layertypes: Continuous Continuous Continuous Continuous Continuous Continuous Continuous Continuous
outputdirectory: ./FR.MaxEnt_Final/3
samplesfile: ./FR.MaxEnt_Final/3/presence
environmentallayers: ./FR.MaxEnt_Final/3/absence
autorun: true
visible: false

getSamples: max memory 536870912, total allocated 234881024, free 73493768, used 161387256, increment 524288
Making features
makeFeatures: max memory 536870912, total allocated 234881024, free 72229552, used 162651472, increment 1264216
species: 
Regularization values: linear/quadratic/product: 0.221, categorical: 0.250, threshold: 1.600, hinge: 0.500
40 samples
Density: max memory 536870912, total allocated 234881024, free 67202312, used 167678712, increment 5027240
linearPredictor: max memory 536870912, total allocated 234881024, free 67202312, used 167678712, increment 0
FeaturedSpace: max memory 536870912, total allocated 234881024, free 67202312, used 167678712, increment 0
Sequential: max memory 536870912, total allocated 234881024, free 67202312, used 167678712, increment 0
Initial loss: 8.359134886757962
Time since start: 2.273
500: time = 2,219000 loss = 6,601356
Resulting gain: 1.757778851729002
Projecting...
Writing file .\FR.MaxEnt_Final\3\species.csv
Ending
